<?xml version="1.0" encoding="UTF-8"?>
<testsuites name="login_data" time="56.856" tests="5" failures="0" errors="0">
   <testsuite name="login_data" tests="5" failures="0" errors="0" time="56.856" skipped="0" timestamp="2023-12-01 17:01:11" hostname="siti - siti-ThinkPad-T440p" id="Test Suites/DataDriven/login_data">
      <properties>
         <property name="deviceName" value=""/>
         <property name="devicePlatform" value=""/>
         <property name="logFolder" value="/home/siti/Exercise Katalon/TDD - Get Data from Files/Reports/20231201_170107/DataDriven/login_data/20231201_170108"/>
         <property name="logFiles" value="/home/siti/Exercise Katalon/TDD - Get Data from Files/Reports/20231201_170107/DataDriven/login_data/20231201_170108/execution0.log"/>
         <property name="attachments" value=""/>
         <property name="hostName" value="siti - siti-ThinkPad-T440p"/>
         <property name="os" value="Linux 64bit"/>
         <property name="katalonVersion" value="8.6.8.208"/>
         <property name="browser" value="Chrome 119.0.0.0"/>
         <property name="hostAddress" value="127.0.1.1"/>
         <property name="sessionId" value="65914c4d49518fe8ef030e90d3fd5a8c"/>
         <property name="seleniumVersion" value="3.141.59"/>
         <property name="proxyInformation" value="ProxyInformation { proxyOption=NO_PROXY, proxyServerType=HTTP, username=, password=********, proxyServerAddress=, proxyServerPort=0, executionList=&quot;&quot;, isApplyToDesiredCapabilities=true }"/>
         <property name="platform" value="Linux"/>
      </properties>
      <testcase name="Test Cases/Login/login" time="11.615" classname="Test Cases/Login/login" status="PASSED">
         <system-out><![CDATA[2023-12-01 17:01:12 - [TEST_CASE][PASSED] - Test Cases/Login/login: Test Cases/Login/login

2023-12-01 17:01:12 - [TEST_STEP][PASSED] - openBrowser(""): Browser is opened with url: ''

2023-12-01 17:01:13 - [MESSAGE][INFO] - Starting 'Chrome' driver

2023-12-01 17:01:13 - [MESSAGE][INFO] - Action delay is set to 0 milliseconds

2023-12-01 17:01:14 - [MESSAGE][PASSED] - Browser is opened with url: ''

2023-12-01 17:01:14 - [TEST_STEP][PASSED] - navigateToUrl(Baseurl): Navigate to 'https://www.saucedemo.com/' successfully

2023-12-01 17:01:16 - [MESSAGE][PASSED] - Navigate to 'https://www.saucedemo.com/' successfully

2023-12-01 17:01:16 - [TEST_STEP][PASSED] - setText(findTestObject("Object Repository/Login_OR/Page_Swag Labs/input_username"), Username): Text 'standard_user' is set on object 'Object Repository/Login_OR/Page_Swag Labs/input_username'

2023-12-01 17:01:18 - [MESSAGE][PASSED] - Text 'standard_user' is set on object 'Object Repository/Login_OR/Page_Swag Labs/input_username'

2023-12-01 17:01:18 - [TEST_STEP][PASSED] - setText(findTestObject("Object Repository/Login_OR/Page_Swag Labs/input_password"), Password): Text 'secret_sauce' is set on object 'Object Repository/Login_OR/Page_Swag Labs/input_password'

2023-12-01 17:01:18 - [MESSAGE][PASSED] - Text 'secret_sauce' is set on object 'Object Repository/Login_OR/Page_Swag Labs/input_password'

2023-12-01 17:01:18 - [TEST_STEP][PASSED] - click(findTestObject("Object Repository/Login_OR/Page_Swag Labs/input_login_button")): Object: 'Object Repository/Login_OR/Page_Swag Labs/input_login_button' is clicked on

2023-12-01 17:01:19 - [MESSAGE][PASSED] - Object: 'Object Repository/Login_OR/Page_Swag Labs/input_login_button' is clicked on

2023-12-01 17:01:19 - [TEST_STEP][PASSED] - delay(3): Delayed 3 second(s)

2023-12-01 17:01:22 - [MESSAGE][PASSED] - Delayed 3 second(s)

2023-12-01 17:01:22 - [TEST_STEP][PASSED] - click(findTestObject("Login_OR/Page_Swag Labs/Click_menu_burger")): Object: 'Object Repository/Login_OR/Page_Swag Labs/Click_menu_burger' is clicked on

2023-12-01 17:01:22 - [MESSAGE][PASSED] - Object: 'Object Repository/Login_OR/Page_Swag Labs/Click_menu_burger' is clicked on

2023-12-01 17:01:22 - [TEST_STEP][PASSED] - delay(1): Delayed 1 second(s)

2023-12-01 17:01:23 - [MESSAGE][PASSED] - Delayed 1 second(s)

2023-12-01 17:01:23 - [TEST_STEP][PASSED] - click(findTestObject("Login_OR/Page_Swag Labs/click_button_logout")): Object: 'Object Repository/Login_OR/Page_Swag Labs/click_button_logout' is clicked on

2023-12-01 17:01:24 - [MESSAGE][PASSED] - Object: 'Object Repository/Login_OR/Page_Swag Labs/click_button_logout' is clicked on]]></system-out>
         <system-err><![CDATA[]]></system-err>
      </testcase>
      <testcase name="Test Cases/Login/login" time="9.304" classname="Test Cases/Login/login" status="PASSED">
         <system-out><![CDATA[2023-12-01 17:01:24 - [TEST_CASE][PASSED] - Test Cases/Login/login: Test Cases/Login/login

2023-12-01 17:01:24 - [TEST_STEP][PASSED] - openBrowser(""): Browser is opened with url: ''

2023-12-01 17:01:24 - [MESSAGE][WARNING] - A browser is already opened. Closing browser and opening a new one

2023-12-01 17:01:24 - [MESSAGE][INFO] - Starting 'Chrome' driver

2023-12-01 17:01:24 - [MESSAGE][INFO] - Action delay is set to 0 milliseconds

2023-12-01 17:01:25 - [MESSAGE][PASSED] - Browser is opened with url: ''

2023-12-01 17:01:25 - [TEST_STEP][PASSED] - navigateToUrl(Baseurl): Navigate to 'https://www.saucedemo.com/' successfully

2023-12-01 17:01:25 - [MESSAGE][PASSED] - Navigate to 'https://www.saucedemo.com/' successfully

2023-12-01 17:01:25 - [TEST_STEP][PASSED] - setText(findTestObject("Object Repository/Login_OR/Page_Swag Labs/input_username"), Username): Text 'problem_user' is set on object 'Object Repository/Login_OR/Page_Swag Labs/input_username'

2023-12-01 17:01:27 - [MESSAGE][PASSED] - Text 'problem_user' is set on object 'Object Repository/Login_OR/Page_Swag Labs/input_username'

2023-12-01 17:01:27 - [TEST_STEP][PASSED] - setText(findTestObject("Object Repository/Login_OR/Page_Swag Labs/input_password"), Password): Text 'secret_sauce' is set on object 'Object Repository/Login_OR/Page_Swag Labs/input_password'

2023-12-01 17:01:28 - [MESSAGE][PASSED] - Text 'secret_sauce' is set on object 'Object Repository/Login_OR/Page_Swag Labs/input_password'

2023-12-01 17:01:28 - [TEST_STEP][PASSED] - click(findTestObject("Object Repository/Login_OR/Page_Swag Labs/input_login_button")): Object: 'Object Repository/Login_OR/Page_Swag Labs/input_login_button' is clicked on

2023-12-01 17:01:28 - [MESSAGE][PASSED] - Object: 'Object Repository/Login_OR/Page_Swag Labs/input_login_button' is clicked on

2023-12-01 17:01:28 - [TEST_STEP][PASSED] - delay(3): Delayed 3 second(s)

2023-12-01 17:01:31 - [MESSAGE][PASSED] - Delayed 3 second(s)

2023-12-01 17:01:31 - [TEST_STEP][PASSED] - click(findTestObject("Login_OR/Page_Swag Labs/Click_menu_burger")): Object: 'Object Repository/Login_OR/Page_Swag Labs/Click_menu_burger' is clicked on

2023-12-01 17:01:32 - [MESSAGE][PASSED] - Object: 'Object Repository/Login_OR/Page_Swag Labs/Click_menu_burger' is clicked on

2023-12-01 17:01:32 - [TEST_STEP][PASSED] - delay(1): Delayed 1 second(s)

2023-12-01 17:01:33 - [MESSAGE][PASSED] - Delayed 1 second(s)

2023-12-01 17:01:33 - [TEST_STEP][PASSED] - click(findTestObject("Login_OR/Page_Swag Labs/click_button_logout")): Object: 'Object Repository/Login_OR/Page_Swag Labs/click_button_logout' is clicked on

2023-12-01 17:01:33 - [MESSAGE][PASSED] - Object: 'Object Repository/Login_OR/Page_Swag Labs/click_button_logout' is clicked on]]></system-out>
         <system-err><![CDATA[]]></system-err>
      </testcase>
      <testcase name="Test Cases/Login/login" time="16.7" classname="Test Cases/Login/login" status="PASSED">
         <system-out><![CDATA[2023-12-01 17:01:33 - [TEST_CASE][PASSED] - Test Cases/Login/login: Test Cases/Login/login

2023-12-01 17:01:33 - [TEST_STEP][PASSED] - openBrowser(""): Browser is opened with url: ''

2023-12-01 17:01:33 - [MESSAGE][WARNING] - A browser is already opened. Closing browser and opening a new one

2023-12-01 17:01:33 - [MESSAGE][INFO] - Starting 'Chrome' driver

2023-12-01 17:01:33 - [MESSAGE][INFO] - Action delay is set to 0 milliseconds

2023-12-01 17:01:34 - [MESSAGE][PASSED] - Browser is opened with url: ''

2023-12-01 17:01:34 - [TEST_STEP][PASSED] - navigateToUrl(Baseurl): Navigate to 'https://www.saucedemo.com/' successfully

2023-12-01 17:01:35 - [MESSAGE][PASSED] - Navigate to 'https://www.saucedemo.com/' successfully

2023-12-01 17:01:35 - [TEST_STEP][PASSED] - setText(findTestObject("Object Repository/Login_OR/Page_Swag Labs/input_username"), Username): Text 'performance_glitch_user' is set on object 'Object Repository/Login_OR/Page_Swag Labs/input_username'

2023-12-01 17:01:37 - [MESSAGE][PASSED] - Text 'performance_glitch_user' is set on object 'Object Repository/Login_OR/Page_Swag Labs/input_username'

2023-12-01 17:01:37 - [TEST_STEP][PASSED] - setText(findTestObject("Object Repository/Login_OR/Page_Swag Labs/input_password"), Password): Text 'secret_sauce' is set on object 'Object Repository/Login_OR/Page_Swag Labs/input_password'

2023-12-01 17:01:38 - [MESSAGE][PASSED] - Text 'secret_sauce' is set on object 'Object Repository/Login_OR/Page_Swag Labs/input_password'

2023-12-01 17:01:38 - [TEST_STEP][PASSED] - click(findTestObject("Object Repository/Login_OR/Page_Swag Labs/input_login_button")): Object: 'Object Repository/Login_OR/Page_Swag Labs/input_login_button' is clicked on

2023-12-01 17:01:43 - [MESSAGE][PASSED] - Object: 'Object Repository/Login_OR/Page_Swag Labs/input_login_button' is clicked on

2023-12-01 17:01:43 - [TEST_STEP][PASSED] - delay(3): Delayed 3 second(s)

2023-12-01 17:01:46 - [MESSAGE][PASSED] - Delayed 3 second(s)

2023-12-01 17:01:46 - [TEST_STEP][PASSED] - click(findTestObject("Login_OR/Page_Swag Labs/Click_menu_burger")): Object: 'Object Repository/Login_OR/Page_Swag Labs/Click_menu_burger' is clicked on

2023-12-01 17:01:48 - [MESSAGE][PASSED] - Object: 'Object Repository/Login_OR/Page_Swag Labs/Click_menu_burger' is clicked on

2023-12-01 17:01:48 - [TEST_STEP][PASSED] - delay(1): Delayed 1 second(s)

2023-12-01 17:01:49 - [MESSAGE][PASSED] - Delayed 1 second(s)

2023-12-01 17:01:49 - [TEST_STEP][PASSED] - click(findTestObject("Login_OR/Page_Swag Labs/click_button_logout")): Object: 'Object Repository/Login_OR/Page_Swag Labs/click_button_logout' is clicked on

2023-12-01 17:01:50 - [MESSAGE][PASSED] - Object: 'Object Repository/Login_OR/Page_Swag Labs/click_button_logout' is clicked on]]></system-out>
         <system-err><![CDATA[]]></system-err>
      </testcase>
      <testcase name="Test Cases/Login/login" time="9.492" classname="Test Cases/Login/login" status="PASSED">
         <system-out><![CDATA[2023-12-01 17:01:50 - [TEST_CASE][PASSED] - Test Cases/Login/login: Test Cases/Login/login

2023-12-01 17:01:50 - [TEST_STEP][PASSED] - openBrowser(""): Browser is opened with url: ''

2023-12-01 17:01:50 - [MESSAGE][WARNING] - A browser is already opened. Closing browser and opening a new one

2023-12-01 17:01:50 - [MESSAGE][INFO] - Starting 'Chrome' driver

2023-12-01 17:01:50 - [MESSAGE][INFO] - Action delay is set to 0 milliseconds

2023-12-01 17:01:51 - [MESSAGE][PASSED] - Browser is opened with url: ''

2023-12-01 17:01:51 - [TEST_STEP][PASSED] - navigateToUrl(Baseurl): Navigate to 'https://www.saucedemo.com/' successfully

2023-12-01 17:01:52 - [MESSAGE][PASSED] - Navigate to 'https://www.saucedemo.com/' successfully

2023-12-01 17:01:52 - [TEST_STEP][PASSED] - setText(findTestObject("Object Repository/Login_OR/Page_Swag Labs/input_username"), Username): Text 'error_user' is set on object 'Object Repository/Login_OR/Page_Swag Labs/input_username'

2023-12-01 17:01:53 - [MESSAGE][PASSED] - Text 'error_user' is set on object 'Object Repository/Login_OR/Page_Swag Labs/input_username'

2023-12-01 17:01:53 - [TEST_STEP][PASSED] - setText(findTestObject("Object Repository/Login_OR/Page_Swag Labs/input_password"), Password): Text 'secret_sauce' is set on object 'Object Repository/Login_OR/Page_Swag Labs/input_password'

2023-12-01 17:01:54 - [MESSAGE][PASSED] - Text 'secret_sauce' is set on object 'Object Repository/Login_OR/Page_Swag Labs/input_password'

2023-12-01 17:01:54 - [TEST_STEP][PASSED] - click(findTestObject("Object Repository/Login_OR/Page_Swag Labs/input_login_button")): Object: 'Object Repository/Login_OR/Page_Swag Labs/input_login_button' is clicked on

2023-12-01 17:01:55 - [MESSAGE][PASSED] - Object: 'Object Repository/Login_OR/Page_Swag Labs/input_login_button' is clicked on

2023-12-01 17:01:55 - [TEST_STEP][PASSED] - delay(3): Delayed 3 second(s)

2023-12-01 17:01:58 - [MESSAGE][PASSED] - Delayed 3 second(s)

2023-12-01 17:01:58 - [TEST_STEP][PASSED] - click(findTestObject("Login_OR/Page_Swag Labs/Click_menu_burger")): Object: 'Object Repository/Login_OR/Page_Swag Labs/Click_menu_burger' is clicked on

2023-12-01 17:01:58 - [MESSAGE][PASSED] - Object: 'Object Repository/Login_OR/Page_Swag Labs/Click_menu_burger' is clicked on

2023-12-01 17:01:58 - [TEST_STEP][PASSED] - delay(1): Delayed 1 second(s)

2023-12-01 17:01:59 - [MESSAGE][PASSED] - Delayed 1 second(s)

2023-12-01 17:01:59 - [TEST_STEP][PASSED] - click(findTestObject("Login_OR/Page_Swag Labs/click_button_logout")): Object: 'Object Repository/Login_OR/Page_Swag Labs/click_button_logout' is clicked on

2023-12-01 17:01:59 - [MESSAGE][PASSED] - Object: 'Object Repository/Login_OR/Page_Swag Labs/click_button_logout' is clicked on]]></system-out>
         <system-err><![CDATA[]]></system-err>
      </testcase>
      <testcase name="Test Cases/Login/login" time="9.101" classname="Test Cases/Login/login" status="PASSED">
         <system-out><![CDATA[2023-12-01 17:01:59 - [TEST_CASE][PASSED] - Test Cases/Login/login: Test Cases/Login/login

2023-12-01 17:01:59 - [TEST_STEP][PASSED] - openBrowser(""): Browser is opened with url: ''

2023-12-01 17:01:59 - [MESSAGE][WARNING] - A browser is already opened. Closing browser and opening a new one

2023-12-01 17:01:59 - [MESSAGE][INFO] - Starting 'Chrome' driver

2023-12-01 17:01:59 - [MESSAGE][INFO] - Action delay is set to 0 milliseconds

2023-12-01 17:02:00 - [MESSAGE][PASSED] - Browser is opened with url: ''

2023-12-01 17:02:00 - [TEST_STEP][PASSED] - navigateToUrl(Baseurl): Navigate to 'https://www.saucedemo.com/' successfully

2023-12-01 17:02:01 - [MESSAGE][PASSED] - Navigate to 'https://www.saucedemo.com/' successfully

2023-12-01 17:02:01 - [TEST_STEP][PASSED] - setText(findTestObject("Object Repository/Login_OR/Page_Swag Labs/input_username"), Username): Text 'visual_user' is set on object 'Object Repository/Login_OR/Page_Swag Labs/input_username'

2023-12-01 17:02:03 - [MESSAGE][PASSED] - Text 'visual_user' is set on object 'Object Repository/Login_OR/Page_Swag Labs/input_username'

2023-12-01 17:02:03 - [TEST_STEP][PASSED] - setText(findTestObject("Object Repository/Login_OR/Page_Swag Labs/input_password"), Password): Text 'secret_sauce' is set on object 'Object Repository/Login_OR/Page_Swag Labs/input_password'

2023-12-01 17:02:03 - [MESSAGE][PASSED] - Text 'secret_sauce' is set on object 'Object Repository/Login_OR/Page_Swag Labs/input_password'

2023-12-01 17:02:03 - [TEST_STEP][PASSED] - click(findTestObject("Object Repository/Login_OR/Page_Swag Labs/input_login_button")): Object: 'Object Repository/Login_OR/Page_Swag Labs/input_login_button' is clicked on

2023-12-01 17:02:04 - [MESSAGE][PASSED] - Object: 'Object Repository/Login_OR/Page_Swag Labs/input_login_button' is clicked on

2023-12-01 17:02:04 - [TEST_STEP][PASSED] - delay(3): Delayed 3 second(s)

2023-12-01 17:02:07 - [MESSAGE][PASSED] - Delayed 3 second(s)

2023-12-01 17:02:07 - [TEST_STEP][PASSED] - click(findTestObject("Login_OR/Page_Swag Labs/Click_menu_burger")): Object: 'Object Repository/Login_OR/Page_Swag Labs/Click_menu_burger' is clicked on

2023-12-01 17:02:07 - [MESSAGE][PASSED] - Object: 'Object Repository/Login_OR/Page_Swag Labs/Click_menu_burger' is clicked on

2023-12-01 17:02:07 - [TEST_STEP][PASSED] - delay(1): Delayed 1 second(s)

2023-12-01 17:02:08 - [MESSAGE][PASSED] - Delayed 1 second(s)

2023-12-01 17:02:08 - [TEST_STEP][PASSED] - click(findTestObject("Login_OR/Page_Swag Labs/click_button_logout")): Object: 'Object Repository/Login_OR/Page_Swag Labs/click_button_logout' is clicked on

2023-12-01 17:02:08 - [MESSAGE][PASSED] - Object: 'Object Repository/Login_OR/Page_Swag Labs/click_button_logout' is clicked on]]></system-out>
         <system-err><![CDATA[]]></system-err>
      </testcase>
      <system-out><![CDATA[2023-12-01 17:01:11 - [TEST_SUITE][PASSED] - login_data: Test Cases/Login/login]]></system-out>
      <system-err><![CDATA[]]></system-err>
   </testsuite>
</testsuites>
