<?xml version="1.0" encoding="UTF-8"?>
<testsuites name="login_data" time="67.616" tests="5" failures="0" errors="0">
   <testsuite name="login_data" tests="5" failures="0" errors="0" time="67.616" skipped="0" timestamp="2023-12-03 15:36:24" hostname="siti - siti-ThinkPad-T440p" id="Test Suites/DataDriven/login_data">
      <properties>
         <property name="deviceName" value=""/>
         <property name="devicePlatform" value=""/>
         <property name="logFolder" value="/home/siti/Exercise Katalon/TDD - Get Data from Files/Reports/20231203_153617/DataDriven/login_data/20231203_153619"/>
         <property name="logFiles" value="/home/siti/Exercise Katalon/TDD - Get Data from Files/Reports/20231203_153617/DataDriven/login_data/20231203_153619/execution0.log"/>
         <property name="attachments" value=""/>
         <property name="hostName" value="siti - siti-ThinkPad-T440p"/>
         <property name="os" value="Linux 64bit"/>
         <property name="katalonVersion" value="8.6.8.208"/>
         <property name="browser" value="Chrome 119.0.0.0"/>
         <property name="hostAddress" value="127.0.1.1"/>
         <property name="sessionId" value="7b04a20cb809f689690d95b8b8211d05"/>
         <property name="seleniumVersion" value="3.141.59"/>
         <property name="proxyInformation" value="ProxyInformation { proxyOption=NO_PROXY, proxyServerType=HTTP, username=, password=********, proxyServerAddress=, proxyServerPort=0, executionList=&quot;&quot;, isApplyToDesiredCapabilities=true }"/>
         <property name="platform" value="Linux"/>
      </properties>
      <testcase name="Test Cases/Login/login" time="16.162" classname="Test Cases/Login/login" status="PASSED">
         <system-out><![CDATA[2023-12-03 15:36:25 - [TEST_CASE][PASSED] - Test Cases/Login/login: Test Cases/Login/login

2023-12-03 15:36:26 - [TEST_STEP][PASSED] - openBrowser(""): Browser is opened with url: ''

2023-12-03 15:36:26 - [MESSAGE][INFO] - Starting 'Chrome' driver

2023-12-03 15:36:26 - [MESSAGE][INFO] - Action delay is set to 0 milliseconds

2023-12-03 15:36:30 - [MESSAGE][PASSED] - Browser is opened with url: ''

2023-12-03 15:36:30 - [TEST_STEP][PASSED] - navigateToUrl(Baseurl): Navigate to 'https://www.saucedemo.com/' successfully

2023-12-03 15:36:31 - [MESSAGE][PASSED] - Navigate to 'https://www.saucedemo.com/' successfully

2023-12-03 15:36:31 - [TEST_STEP][PASSED] - setText(findTestObject("Object Repository/Login_OR/Page_Swag Labs/input_username"), Username): Text 'standard_user' is set on object 'Object Repository/Login_OR/Page_Swag Labs/input_username'

2023-12-03 15:36:34 - [MESSAGE][PASSED] - Text 'standard_user' is set on object 'Object Repository/Login_OR/Page_Swag Labs/input_username'

2023-12-03 15:36:34 - [TEST_STEP][PASSED] - delay(0.5): Delayed 0.5 second(s)

2023-12-03 15:36:35 - [MESSAGE][PASSED] - Delayed 0.5 second(s)

2023-12-03 15:36:35 - [TEST_STEP][PASSED] - setText(findTestObject("Object Repository/Login_OR/Page_Swag Labs/input_password"), Password): Text 'secret_sauce' is set on object 'Object Repository/Login_OR/Page_Swag Labs/input_password'

2023-12-03 15:36:36 - [MESSAGE][PASSED] - Text 'secret_sauce' is set on object 'Object Repository/Login_OR/Page_Swag Labs/input_password'

2023-12-03 15:36:36 - [TEST_STEP][PASSED] - click(findTestObject("Object Repository/Login_OR/Page_Swag Labs/input_login_button")): Object: 'Object Repository/Login_OR/Page_Swag Labs/input_login_button' is clicked on

2023-12-03 15:36:36 - [MESSAGE][PASSED] - Object: 'Object Repository/Login_OR/Page_Swag Labs/input_login_button' is clicked on

2023-12-03 15:36:36 - [TEST_STEP][PASSED] - delay(3): Delayed 3 second(s)

2023-12-03 15:36:39 - [MESSAGE][PASSED] - Delayed 3 second(s)

2023-12-03 15:36:39 - [TEST_STEP][PASSED] - click(findTestObject("Login_OR/Page_Swag Labs/click_menu_burger")): Object: 'Object Repository/Login_OR/Page_Swag Labs/click_menu_burger' is clicked on

2023-12-03 15:36:39 - [MESSAGE][PASSED] - Object: 'Object Repository/Login_OR/Page_Swag Labs/click_menu_burger' is clicked on

2023-12-03 15:36:39 - [TEST_STEP][PASSED] - delay(1): Delayed 1 second(s)

2023-12-03 15:36:40 - [MESSAGE][PASSED] - Delayed 1 second(s)

2023-12-03 15:36:40 - [TEST_STEP][PASSED] - enhancedClick(findTestObject("Login_OR/Page_Swag Labs/click_button_logout")): Object: 'Object Repository/Login_OR/Page_Swag Labs/click_button_logout' is clicked on

2023-12-03 15:36:41 - [MESSAGE][PASSED] - Object: 'Object Repository/Login_OR/Page_Swag Labs/click_button_logout' is clicked on

2023-12-03 15:36:41 - [TEST_STEP][PASSED] - closeBrowser(): Browser is closed

2023-12-03 15:36:41 - [MESSAGE][PASSED] - Browser is closed]]></system-out>
         <system-err><![CDATA[]]></system-err>
      </testcase>
      <testcase name="Test Cases/Login/login" time="10.827" classname="Test Cases/Login/login" status="PASSED">
         <system-out><![CDATA[2023-12-03 15:36:41 - [TEST_CASE][PASSED] - Test Cases/Login/login: Test Cases/Login/login

2023-12-03 15:36:41 - [TEST_STEP][PASSED] - openBrowser(""): Browser is opened with url: ''

2023-12-03 15:36:41 - [MESSAGE][INFO] - Starting 'Chrome' driver

2023-12-03 15:36:41 - [MESSAGE][INFO] - Action delay is set to 0 milliseconds

2023-12-03 15:36:42 - [MESSAGE][PASSED] - Browser is opened with url: ''

2023-12-03 15:36:42 - [TEST_STEP][PASSED] - navigateToUrl(Baseurl): Navigate to 'https://www.saucedemo.com/' successfully

2023-12-03 15:36:43 - [MESSAGE][PASSED] - Navigate to 'https://www.saucedemo.com/' successfully

2023-12-03 15:36:43 - [TEST_STEP][PASSED] - setText(findTestObject("Object Repository/Login_OR/Page_Swag Labs/input_username"), Username): Text 'problem_user' is set on object 'Object Repository/Login_OR/Page_Swag Labs/input_username'

2023-12-03 15:36:45 - [MESSAGE][PASSED] - Text 'problem_user' is set on object 'Object Repository/Login_OR/Page_Swag Labs/input_username'

2023-12-03 15:36:45 - [TEST_STEP][PASSED] - delay(0.5): Delayed 0.5 second(s)

2023-12-03 15:36:46 - [MESSAGE][PASSED] - Delayed 0.5 second(s)

2023-12-03 15:36:46 - [TEST_STEP][PASSED] - setText(findTestObject("Object Repository/Login_OR/Page_Swag Labs/input_password"), Password): Text 'secret_sauce' is set on object 'Object Repository/Login_OR/Page_Swag Labs/input_password'

2023-12-03 15:36:47 - [MESSAGE][PASSED] - Text 'secret_sauce' is set on object 'Object Repository/Login_OR/Page_Swag Labs/input_password'

2023-12-03 15:36:47 - [TEST_STEP][PASSED] - click(findTestObject("Object Repository/Login_OR/Page_Swag Labs/input_login_button")): Object: 'Object Repository/Login_OR/Page_Swag Labs/input_login_button' is clicked on

2023-12-03 15:36:47 - [MESSAGE][PASSED] - Object: 'Object Repository/Login_OR/Page_Swag Labs/input_login_button' is clicked on

2023-12-03 15:36:47 - [TEST_STEP][PASSED] - delay(3): Delayed 3 second(s)

2023-12-03 15:36:50 - [MESSAGE][PASSED] - Delayed 3 second(s)

2023-12-03 15:36:50 - [TEST_STEP][PASSED] - click(findTestObject("Login_OR/Page_Swag Labs/click_menu_burger")): Object: 'Object Repository/Login_OR/Page_Swag Labs/click_menu_burger' is clicked on

2023-12-03 15:36:50 - [MESSAGE][PASSED] - Object: 'Object Repository/Login_OR/Page_Swag Labs/click_menu_burger' is clicked on

2023-12-03 15:36:50 - [TEST_STEP][PASSED] - delay(1): Delayed 1 second(s)

2023-12-03 15:36:51 - [MESSAGE][PASSED] - Delayed 1 second(s)

2023-12-03 15:36:51 - [TEST_STEP][PASSED] - enhancedClick(findTestObject("Login_OR/Page_Swag Labs/click_button_logout")): Object: 'Object Repository/Login_OR/Page_Swag Labs/click_button_logout' is clicked on

2023-12-03 15:36:52 - [MESSAGE][PASSED] - Object: 'Object Repository/Login_OR/Page_Swag Labs/click_button_logout' is clicked on

2023-12-03 15:36:52 - [TEST_STEP][PASSED] - closeBrowser(): Browser is closed

2023-12-03 15:36:52 - [MESSAGE][PASSED] - Browser is closed]]></system-out>
         <system-err><![CDATA[]]></system-err>
      </testcase>
      <testcase name="Test Cases/Login/login" time="17.577" classname="Test Cases/Login/login" status="PASSED">
         <system-out><![CDATA[2023-12-03 15:36:52 - [TEST_CASE][PASSED] - Test Cases/Login/login: Test Cases/Login/login

2023-12-03 15:36:52 - [TEST_STEP][PASSED] - openBrowser(""): Browser is opened with url: ''

2023-12-03 15:36:52 - [MESSAGE][INFO] - Starting 'Chrome' driver

2023-12-03 15:36:52 - [MESSAGE][INFO] - Action delay is set to 0 milliseconds

2023-12-03 15:36:53 - [MESSAGE][PASSED] - Browser is opened with url: ''

2023-12-03 15:36:53 - [TEST_STEP][PASSED] - navigateToUrl(Baseurl): Navigate to 'https://www.saucedemo.com/' successfully

2023-12-03 15:36:53 - [MESSAGE][PASSED] - Navigate to 'https://www.saucedemo.com/' successfully

2023-12-03 15:36:53 - [TEST_STEP][PASSED] - setText(findTestObject("Object Repository/Login_OR/Page_Swag Labs/input_username"), Username): Text 'performance_glitch_user' is set on object 'Object Repository/Login_OR/Page_Swag Labs/input_username'

2023-12-03 15:36:56 - [MESSAGE][PASSED] - Text 'performance_glitch_user' is set on object 'Object Repository/Login_OR/Page_Swag Labs/input_username'

2023-12-03 15:36:56 - [TEST_STEP][PASSED] - delay(0.5): Delayed 0.5 second(s)

2023-12-03 15:36:57 - [MESSAGE][PASSED] - Delayed 0.5 second(s)

2023-12-03 15:36:57 - [TEST_STEP][PASSED] - setText(findTestObject("Object Repository/Login_OR/Page_Swag Labs/input_password"), Password): Text 'secret_sauce' is set on object 'Object Repository/Login_OR/Page_Swag Labs/input_password'

2023-12-03 15:36:57 - [MESSAGE][PASSED] - Text 'secret_sauce' is set on object 'Object Repository/Login_OR/Page_Swag Labs/input_password'

2023-12-03 15:36:57 - [TEST_STEP][PASSED] - click(findTestObject("Object Repository/Login_OR/Page_Swag Labs/input_login_button")): Object: 'Object Repository/Login_OR/Page_Swag Labs/input_login_button' is clicked on

2023-12-03 15:37:03 - [MESSAGE][PASSED] - Object: 'Object Repository/Login_OR/Page_Swag Labs/input_login_button' is clicked on

2023-12-03 15:37:03 - [TEST_STEP][PASSED] - delay(3): Delayed 3 second(s)

2023-12-03 15:37:06 - [MESSAGE][PASSED] - Delayed 3 second(s)

2023-12-03 15:37:06 - [TEST_STEP][PASSED] - click(findTestObject("Login_OR/Page_Swag Labs/click_menu_burger")): Object: 'Object Repository/Login_OR/Page_Swag Labs/click_menu_burger' is clicked on

2023-12-03 15:37:08 - [MESSAGE][PASSED] - Object: 'Object Repository/Login_OR/Page_Swag Labs/click_menu_burger' is clicked on

2023-12-03 15:37:08 - [TEST_STEP][PASSED] - delay(1): Delayed 1 second(s)

2023-12-03 15:37:09 - [MESSAGE][PASSED] - Delayed 1 second(s)

2023-12-03 15:37:09 - [TEST_STEP][PASSED] - enhancedClick(findTestObject("Login_OR/Page_Swag Labs/click_button_logout")): Object: 'Object Repository/Login_OR/Page_Swag Labs/click_button_logout' is clicked on

2023-12-03 15:37:09 - [MESSAGE][PASSED] - Object: 'Object Repository/Login_OR/Page_Swag Labs/click_button_logout' is clicked on

2023-12-03 15:37:09 - [TEST_STEP][PASSED] - closeBrowser(): Browser is closed

2023-12-03 15:37:09 - [MESSAGE][PASSED] - Browser is closed]]></system-out>
         <system-err><![CDATA[]]></system-err>
      </testcase>
      <testcase name="Test Cases/Login/login" time="11.639" classname="Test Cases/Login/login" status="PASSED">
         <system-out><![CDATA[2023-12-03 15:37:09 - [TEST_CASE][PASSED] - Test Cases/Login/login: Test Cases/Login/login

2023-12-03 15:37:09 - [TEST_STEP][PASSED] - openBrowser(""): Browser is opened with url: ''

2023-12-03 15:37:09 - [MESSAGE][INFO] - Starting 'Chrome' driver

2023-12-03 15:37:09 - [MESSAGE][INFO] - Action delay is set to 0 milliseconds

2023-12-03 15:37:10 - [MESSAGE][PASSED] - Browser is opened with url: ''

2023-12-03 15:37:10 - [TEST_STEP][PASSED] - navigateToUrl(Baseurl): Navigate to 'https://www.saucedemo.com/' successfully

2023-12-03 15:37:12 - [MESSAGE][PASSED] - Navigate to 'https://www.saucedemo.com/' successfully

2023-12-03 15:37:12 - [TEST_STEP][PASSED] - setText(findTestObject("Object Repository/Login_OR/Page_Swag Labs/input_username"), Username): Text 'error_user' is set on object 'Object Repository/Login_OR/Page_Swag Labs/input_username'

2023-12-03 15:37:15 - [MESSAGE][PASSED] - Text 'error_user' is set on object 'Object Repository/Login_OR/Page_Swag Labs/input_username'

2023-12-03 15:37:15 - [TEST_STEP][PASSED] - delay(0.5): Delayed 0.5 second(s)

2023-12-03 15:37:15 - [MESSAGE][PASSED] - Delayed 0.5 second(s)

2023-12-03 15:37:15 - [TEST_STEP][PASSED] - setText(findTestObject("Object Repository/Login_OR/Page_Swag Labs/input_password"), Password): Text 'secret_sauce' is set on object 'Object Repository/Login_OR/Page_Swag Labs/input_password'

2023-12-03 15:37:16 - [MESSAGE][PASSED] - Text 'secret_sauce' is set on object 'Object Repository/Login_OR/Page_Swag Labs/input_password'

2023-12-03 15:37:16 - [TEST_STEP][PASSED] - click(findTestObject("Object Repository/Login_OR/Page_Swag Labs/input_login_button")): Object: 'Object Repository/Login_OR/Page_Swag Labs/input_login_button' is clicked on

2023-12-03 15:37:16 - [MESSAGE][PASSED] - Object: 'Object Repository/Login_OR/Page_Swag Labs/input_login_button' is clicked on

2023-12-03 15:37:16 - [TEST_STEP][PASSED] - delay(3): Delayed 3 second(s)

2023-12-03 15:37:19 - [MESSAGE][PASSED] - Delayed 3 second(s)

2023-12-03 15:37:19 - [TEST_STEP][PASSED] - click(findTestObject("Login_OR/Page_Swag Labs/click_menu_burger")): Object: 'Object Repository/Login_OR/Page_Swag Labs/click_menu_burger' is clicked on

2023-12-03 15:37:20 - [MESSAGE][PASSED] - Object: 'Object Repository/Login_OR/Page_Swag Labs/click_menu_burger' is clicked on

2023-12-03 15:37:20 - [TEST_STEP][PASSED] - delay(1): Delayed 1 second(s)

2023-12-03 15:37:21 - [MESSAGE][PASSED] - Delayed 1 second(s)

2023-12-03 15:37:21 - [TEST_STEP][PASSED] - enhancedClick(findTestObject("Login_OR/Page_Swag Labs/click_button_logout")): Object: 'Object Repository/Login_OR/Page_Swag Labs/click_button_logout' is clicked on

2023-12-03 15:37:21 - [MESSAGE][PASSED] - Object: 'Object Repository/Login_OR/Page_Swag Labs/click_button_logout' is clicked on

2023-12-03 15:37:21 - [TEST_STEP][PASSED] - closeBrowser(): Browser is closed

2023-12-03 15:37:21 - [MESSAGE][PASSED] - Browser is closed]]></system-out>
         <system-err><![CDATA[]]></system-err>
      </testcase>
      <testcase name="Test Cases/Login/login" time="10.599" classname="Test Cases/Login/login" status="PASSED">
         <system-out><![CDATA[2023-12-03 15:37:21 - [TEST_CASE][PASSED] - Test Cases/Login/login: Test Cases/Login/login

2023-12-03 15:37:21 - [TEST_STEP][PASSED] - openBrowser(""): Browser is opened with url: ''

2023-12-03 15:37:21 - [MESSAGE][INFO] - Starting 'Chrome' driver

2023-12-03 15:37:21 - [MESSAGE][INFO] - Action delay is set to 0 milliseconds

2023-12-03 15:37:22 - [MESSAGE][PASSED] - Browser is opened with url: ''

2023-12-03 15:37:22 - [TEST_STEP][PASSED] - navigateToUrl(Baseurl): Navigate to 'https://www.saucedemo.com/' successfully

2023-12-03 15:37:23 - [MESSAGE][PASSED] - Navigate to 'https://www.saucedemo.com/' successfully

2023-12-03 15:37:23 - [TEST_STEP][PASSED] - setText(findTestObject("Object Repository/Login_OR/Page_Swag Labs/input_username"), Username): Text 'visual_user' is set on object 'Object Repository/Login_OR/Page_Swag Labs/input_username'

2023-12-03 15:37:25 - [MESSAGE][PASSED] - Text 'visual_user' is set on object 'Object Repository/Login_OR/Page_Swag Labs/input_username'

2023-12-03 15:37:25 - [TEST_STEP][PASSED] - delay(0.5): Delayed 0.5 second(s)

2023-12-03 15:37:26 - [MESSAGE][PASSED] - Delayed 0.5 second(s)

2023-12-03 15:37:26 - [TEST_STEP][PASSED] - setText(findTestObject("Object Repository/Login_OR/Page_Swag Labs/input_password"), Password): Text 'secret_sauce' is set on object 'Object Repository/Login_OR/Page_Swag Labs/input_password'

2023-12-03 15:37:27 - [MESSAGE][PASSED] - Text 'secret_sauce' is set on object 'Object Repository/Login_OR/Page_Swag Labs/input_password'

2023-12-03 15:37:27 - [TEST_STEP][PASSED] - click(findTestObject("Object Repository/Login_OR/Page_Swag Labs/input_login_button")): Object: 'Object Repository/Login_OR/Page_Swag Labs/input_login_button' is clicked on

2023-12-03 15:37:27 - [MESSAGE][PASSED] - Object: 'Object Repository/Login_OR/Page_Swag Labs/input_login_button' is clicked on

2023-12-03 15:37:27 - [TEST_STEP][PASSED] - delay(3): Delayed 3 second(s)

2023-12-03 15:37:30 - [MESSAGE][PASSED] - Delayed 3 second(s)

2023-12-03 15:37:30 - [TEST_STEP][PASSED] - click(findTestObject("Login_OR/Page_Swag Labs/click_menu_burger")): Object: 'Object Repository/Login_OR/Page_Swag Labs/click_menu_burger' is clicked on

2023-12-03 15:37:30 - [MESSAGE][PASSED] - Object: 'Object Repository/Login_OR/Page_Swag Labs/click_menu_burger' is clicked on

2023-12-03 15:37:30 - [TEST_STEP][PASSED] - delay(1): Delayed 1 second(s)

2023-12-03 15:37:31 - [MESSAGE][PASSED] - Delayed 1 second(s)

2023-12-03 15:37:31 - [TEST_STEP][PASSED] - enhancedClick(findTestObject("Login_OR/Page_Swag Labs/click_button_logout")): Object: 'Object Repository/Login_OR/Page_Swag Labs/click_button_logout' is clicked on

2023-12-03 15:37:32 - [MESSAGE][PASSED] - Object: 'Object Repository/Login_OR/Page_Swag Labs/click_button_logout' is clicked on

2023-12-03 15:37:32 - [TEST_STEP][PASSED] - closeBrowser(): Browser is closed

2023-12-03 15:37:32 - [MESSAGE][PASSED] - Browser is closed]]></system-out>
         <system-err><![CDATA[]]></system-err>
      </testcase>
      <system-out><![CDATA[2023-12-03 15:36:24 - [TEST_SUITE][PASSED] - login_data: Test Cases/Login/login]]></system-out>
      <system-err><![CDATA[]]></system-err>
   </testsuite>
</testsuites>
