<?xml version="1.0" encoding="UTF-8"?>
<testsuites name="login_data" time="71.292" tests="5" failures="0" errors="0">
   <testsuite name="login_data" tests="5" failures="0" errors="0" time="71.292" skipped="0" timestamp="2023-12-01 17:03:00" hostname="siti - siti-ThinkPad-T440p" id="Test Suites/DataDriven/login_data">
      <properties>
         <property name="deviceName" value=""/>
         <property name="devicePlatform" value=""/>
         <property name="logFolder" value="/home/siti/Exercise Katalon/TDD - Get Data from Files/Reports/20231201_170255/DataDriven/login_data/20231201_170256"/>
         <property name="logFiles" value="/home/siti/Exercise Katalon/TDD - Get Data from Files/Reports/20231201_170255/DataDriven/login_data/20231201_170256/execution0.log"/>
         <property name="attachments" value=""/>
         <property name="hostName" value="siti - siti-ThinkPad-T440p"/>
         <property name="os" value="Linux 64bit"/>
         <property name="katalonVersion" value="8.6.8.208"/>
         <property name="browser" value="Chrome 119.0.0.0"/>
         <property name="hostAddress" value="127.0.1.1"/>
         <property name="sessionId" value="88feb7cc8c930d3ac245caa63bb780ff"/>
         <property name="seleniumVersion" value="3.141.59"/>
         <property name="proxyInformation" value="ProxyInformation { proxyOption=NO_PROXY, proxyServerType=HTTP, username=, password=********, proxyServerAddress=, proxyServerPort=0, executionList=&quot;&quot;, isApplyToDesiredCapabilities=true }"/>
         <property name="platform" value="Linux"/>
      </properties>
      <testcase name="Test Cases/Login/login" time="15.167" classname="Test Cases/Login/login" status="PASSED">
         <system-out><![CDATA[2023-12-01 17:03:00 - [TEST_CASE][PASSED] - Test Cases/Login/login: Test Cases/Login/login

2023-12-01 17:03:01 - [TEST_STEP][PASSED] - openBrowser(""): Browser is opened with url: ''

2023-12-01 17:03:01 - [MESSAGE][INFO] - Starting 'Chrome' driver

2023-12-01 17:03:01 - [MESSAGE][INFO] - Action delay is set to 0 milliseconds

2023-12-01 17:03:03 - [MESSAGE][PASSED] - Browser is opened with url: ''

2023-12-01 17:03:03 - [TEST_STEP][PASSED] - navigateToUrl(Baseurl): Navigate to 'https://www.saucedemo.com/' successfully

2023-12-01 17:03:04 - [MESSAGE][PASSED] - Navigate to 'https://www.saucedemo.com/' successfully

2023-12-01 17:03:04 - [TEST_STEP][PASSED] - setText(findTestObject("Object Repository/Login_OR/Page_Swag Labs/input_username"), Username): Text 'standard_user' is set on object 'Object Repository/Login_OR/Page_Swag Labs/input_username'

2023-12-01 17:03:06 - [MESSAGE][PASSED] - Text 'standard_user' is set on object 'Object Repository/Login_OR/Page_Swag Labs/input_username'

2023-12-01 17:03:06 - [TEST_STEP][PASSED] - setText(findTestObject("Object Repository/Login_OR/Page_Swag Labs/input_password"), Password): Text 'secret_sauce' is set on object 'Object Repository/Login_OR/Page_Swag Labs/input_password'

2023-12-01 17:03:07 - [MESSAGE][PASSED] - Text 'secret_sauce' is set on object 'Object Repository/Login_OR/Page_Swag Labs/input_password'

2023-12-01 17:03:07 - [TEST_STEP][PASSED] - click(findTestObject("Object Repository/Login_OR/Page_Swag Labs/input_login_button")): Object: 'Object Repository/Login_OR/Page_Swag Labs/input_login_button' is clicked on

2023-12-01 17:03:08 - [MESSAGE][PASSED] - Object: 'Object Repository/Login_OR/Page_Swag Labs/input_login_button' is clicked on

2023-12-01 17:03:08 - [TEST_STEP][PASSED] - delay(3): Delayed 3 second(s)

2023-12-01 17:03:11 - [MESSAGE][PASSED] - Delayed 3 second(s)

2023-12-01 17:03:11 - [TEST_STEP][PASSED] - click(findTestObject("Login_OR/Page_Swag Labs/Click_menu_burger")): Object: 'Object Repository/Login_OR/Page_Swag Labs/Click_menu_burger' is clicked on

2023-12-01 17:03:11 - [MESSAGE][PASSED] - Object: 'Object Repository/Login_OR/Page_Swag Labs/Click_menu_burger' is clicked on

2023-12-01 17:03:11 - [TEST_STEP][PASSED] - delay(2): Delayed 2 second(s)

2023-12-01 17:03:13 - [MESSAGE][PASSED] - Delayed 2 second(s)

2023-12-01 17:03:13 - [TEST_STEP][PASSED] - click(findTestObject("Login_OR/Page_Swag Labs/click_button_logout")): Object: 'Object Repository/Login_OR/Page_Swag Labs/click_button_logout' is clicked on

2023-12-01 17:03:13 - [MESSAGE][PASSED] - Object: 'Object Repository/Login_OR/Page_Swag Labs/click_button_logout' is clicked on

2023-12-01 17:03:13 - [TEST_STEP][PASSED] - delay(2): Delayed 2 second(s)

2023-12-01 17:03:15 - [MESSAGE][PASSED] - Delayed 2 second(s)]]></system-out>
         <system-err><![CDATA[]]></system-err>
      </testcase>
      <testcase name="Test Cases/Login/login" time="12.702" classname="Test Cases/Login/login" status="PASSED">
         <system-out><![CDATA[2023-12-01 17:03:15 - [TEST_CASE][PASSED] - Test Cases/Login/login: Test Cases/Login/login

2023-12-01 17:03:15 - [TEST_STEP][PASSED] - openBrowser(""): Browser is opened with url: ''

2023-12-01 17:03:15 - [MESSAGE][WARNING] - A browser is already opened. Closing browser and opening a new one

2023-12-01 17:03:16 - [MESSAGE][INFO] - Starting 'Chrome' driver

2023-12-01 17:03:16 - [MESSAGE][INFO] - Action delay is set to 0 milliseconds

2023-12-01 17:03:16 - [MESSAGE][PASSED] - Browser is opened with url: ''

2023-12-01 17:03:16 - [TEST_STEP][PASSED] - navigateToUrl(Baseurl): Navigate to 'https://www.saucedemo.com/' successfully

2023-12-01 17:03:17 - [MESSAGE][PASSED] - Navigate to 'https://www.saucedemo.com/' successfully

2023-12-01 17:03:17 - [TEST_STEP][PASSED] - setText(findTestObject("Object Repository/Login_OR/Page_Swag Labs/input_username"), Username): Text 'problem_user' is set on object 'Object Repository/Login_OR/Page_Swag Labs/input_username'

2023-12-01 17:03:19 - [MESSAGE][PASSED] - Text 'problem_user' is set on object 'Object Repository/Login_OR/Page_Swag Labs/input_username'

2023-12-01 17:03:19 - [TEST_STEP][PASSED] - setText(findTestObject("Object Repository/Login_OR/Page_Swag Labs/input_password"), Password): Text 'secret_sauce' is set on object 'Object Repository/Login_OR/Page_Swag Labs/input_password'

2023-12-01 17:03:20 - [MESSAGE][PASSED] - Text 'secret_sauce' is set on object 'Object Repository/Login_OR/Page_Swag Labs/input_password'

2023-12-01 17:03:20 - [TEST_STEP][PASSED] - click(findTestObject("Object Repository/Login_OR/Page_Swag Labs/input_login_button")): Object: 'Object Repository/Login_OR/Page_Swag Labs/input_login_button' is clicked on

2023-12-01 17:03:20 - [MESSAGE][PASSED] - Object: 'Object Repository/Login_OR/Page_Swag Labs/input_login_button' is clicked on

2023-12-01 17:03:20 - [TEST_STEP][PASSED] - delay(3): Delayed 3 second(s)

2023-12-01 17:03:23 - [MESSAGE][PASSED] - Delayed 3 second(s)

2023-12-01 17:03:23 - [TEST_STEP][PASSED] - click(findTestObject("Login_OR/Page_Swag Labs/Click_menu_burger")): Object: 'Object Repository/Login_OR/Page_Swag Labs/Click_menu_burger' is clicked on

2023-12-01 17:03:24 - [MESSAGE][PASSED] - Object: 'Object Repository/Login_OR/Page_Swag Labs/Click_menu_burger' is clicked on

2023-12-01 17:03:24 - [TEST_STEP][PASSED] - delay(2): Delayed 2 second(s)

2023-12-01 17:03:26 - [MESSAGE][PASSED] - Delayed 2 second(s)

2023-12-01 17:03:26 - [TEST_STEP][PASSED] - click(findTestObject("Login_OR/Page_Swag Labs/click_button_logout")): Object: 'Object Repository/Login_OR/Page_Swag Labs/click_button_logout' is clicked on

2023-12-01 17:03:26 - [MESSAGE][PASSED] - Object: 'Object Repository/Login_OR/Page_Swag Labs/click_button_logout' is clicked on

2023-12-01 17:03:26 - [TEST_STEP][PASSED] - delay(2): Delayed 2 second(s)

2023-12-01 17:03:28 - [MESSAGE][PASSED] - Delayed 2 second(s)]]></system-out>
         <system-err><![CDATA[]]></system-err>
      </testcase>
      <testcase name="Test Cases/Login/login" time="17.372" classname="Test Cases/Login/login" status="PASSED">
         <system-out><![CDATA[2023-12-01 17:03:28 - [TEST_CASE][PASSED] - Test Cases/Login/login: Test Cases/Login/login

2023-12-01 17:03:28 - [TEST_STEP][PASSED] - openBrowser(""): Browser is opened with url: ''

2023-12-01 17:03:28 - [MESSAGE][WARNING] - A browser is already opened. Closing browser and opening a new one

2023-12-01 17:03:28 - [MESSAGE][INFO] - Starting 'Chrome' driver

2023-12-01 17:03:28 - [MESSAGE][INFO] - Action delay is set to 0 milliseconds

2023-12-01 17:03:29 - [MESSAGE][PASSED] - Browser is opened with url: ''

2023-12-01 17:03:29 - [TEST_STEP][PASSED] - navigateToUrl(Baseurl): Navigate to 'https://www.saucedemo.com/' successfully

2023-12-01 17:03:30 - [MESSAGE][PASSED] - Navigate to 'https://www.saucedemo.com/' successfully

2023-12-01 17:03:30 - [TEST_STEP][PASSED] - setText(findTestObject("Object Repository/Login_OR/Page_Swag Labs/input_username"), Username): Text 'performance_glitch_user' is set on object 'Object Repository/Login_OR/Page_Swag Labs/input_username'

2023-12-01 17:03:32 - [MESSAGE][PASSED] - Text 'performance_glitch_user' is set on object 'Object Repository/Login_OR/Page_Swag Labs/input_username'

2023-12-01 17:03:32 - [TEST_STEP][PASSED] - setText(findTestObject("Object Repository/Login_OR/Page_Swag Labs/input_password"), Password): Text 'secret_sauce' is set on object 'Object Repository/Login_OR/Page_Swag Labs/input_password'

2023-12-01 17:03:32 - [MESSAGE][PASSED] - Text 'secret_sauce' is set on object 'Object Repository/Login_OR/Page_Swag Labs/input_password'

2023-12-01 17:03:32 - [TEST_STEP][PASSED] - click(findTestObject("Object Repository/Login_OR/Page_Swag Labs/input_login_button")): Object: 'Object Repository/Login_OR/Page_Swag Labs/input_login_button' is clicked on

2023-12-01 17:03:38 - [MESSAGE][PASSED] - Object: 'Object Repository/Login_OR/Page_Swag Labs/input_login_button' is clicked on

2023-12-01 17:03:38 - [TEST_STEP][PASSED] - delay(3): Delayed 3 second(s)

2023-12-01 17:03:41 - [MESSAGE][PASSED] - Delayed 3 second(s)

2023-12-01 17:03:41 - [TEST_STEP][PASSED] - click(findTestObject("Login_OR/Page_Swag Labs/Click_menu_burger")): Object: 'Object Repository/Login_OR/Page_Swag Labs/Click_menu_burger' is clicked on

2023-12-01 17:03:41 - [MESSAGE][PASSED] - Object: 'Object Repository/Login_OR/Page_Swag Labs/Click_menu_burger' is clicked on

2023-12-01 17:03:41 - [TEST_STEP][PASSED] - delay(2): Delayed 2 second(s)

2023-12-01 17:03:43 - [MESSAGE][PASSED] - Delayed 2 second(s)

2023-12-01 17:03:43 - [TEST_STEP][PASSED] - click(findTestObject("Login_OR/Page_Swag Labs/click_button_logout")): Object: 'Object Repository/Login_OR/Page_Swag Labs/click_button_logout' is clicked on

2023-12-01 17:03:44 - [MESSAGE][PASSED] - Object: 'Object Repository/Login_OR/Page_Swag Labs/click_button_logout' is clicked on

2023-12-01 17:03:44 - [TEST_STEP][PASSED] - delay(2): Delayed 2 second(s)

2023-12-01 17:03:46 - [MESSAGE][PASSED] - Delayed 2 second(s)]]></system-out>
         <system-err><![CDATA[]]></system-err>
      </testcase>
      <testcase name="Test Cases/Login/login" time="12.993" classname="Test Cases/Login/login" status="PASSED">
         <system-out><![CDATA[2023-12-01 17:03:46 - [TEST_CASE][PASSED] - Test Cases/Login/login: Test Cases/Login/login

2023-12-01 17:03:46 - [TEST_STEP][PASSED] - openBrowser(""): Browser is opened with url: ''

2023-12-01 17:03:46 - [MESSAGE][WARNING] - A browser is already opened. Closing browser and opening a new one

2023-12-01 17:03:46 - [MESSAGE][INFO] - Starting 'Chrome' driver

2023-12-01 17:03:46 - [MESSAGE][INFO] - Action delay is set to 0 milliseconds

2023-12-01 17:03:46 - [MESSAGE][PASSED] - Browser is opened with url: ''

2023-12-01 17:03:46 - [TEST_STEP][PASSED] - navigateToUrl(Baseurl): Navigate to 'https://www.saucedemo.com/' successfully

2023-12-01 17:03:47 - [MESSAGE][PASSED] - Navigate to 'https://www.saucedemo.com/' successfully

2023-12-01 17:03:47 - [TEST_STEP][PASSED] - setText(findTestObject("Object Repository/Login_OR/Page_Swag Labs/input_username"), Username): Text 'error_user' is set on object 'Object Repository/Login_OR/Page_Swag Labs/input_username'

2023-12-01 17:03:50 - [MESSAGE][PASSED] - Text 'error_user' is set on object 'Object Repository/Login_OR/Page_Swag Labs/input_username'

2023-12-01 17:03:50 - [TEST_STEP][PASSED] - setText(findTestObject("Object Repository/Login_OR/Page_Swag Labs/input_password"), Password): Text 'secret_sauce' is set on object 'Object Repository/Login_OR/Page_Swag Labs/input_password'

2023-12-01 17:03:50 - [MESSAGE][PASSED] - Text 'secret_sauce' is set on object 'Object Repository/Login_OR/Page_Swag Labs/input_password'

2023-12-01 17:03:50 - [TEST_STEP][PASSED] - click(findTestObject("Object Repository/Login_OR/Page_Swag Labs/input_login_button")): Object: 'Object Repository/Login_OR/Page_Swag Labs/input_login_button' is clicked on

2023-12-01 17:03:51 - [MESSAGE][PASSED] - Object: 'Object Repository/Login_OR/Page_Swag Labs/input_login_button' is clicked on

2023-12-01 17:03:51 - [TEST_STEP][PASSED] - delay(3): Delayed 3 second(s)

2023-12-01 17:03:54 - [MESSAGE][PASSED] - Delayed 3 second(s)

2023-12-01 17:03:54 - [TEST_STEP][PASSED] - click(findTestObject("Login_OR/Page_Swag Labs/Click_menu_burger")): Object: 'Object Repository/Login_OR/Page_Swag Labs/Click_menu_burger' is clicked on

2023-12-01 17:03:54 - [MESSAGE][PASSED] - Object: 'Object Repository/Login_OR/Page_Swag Labs/Click_menu_burger' is clicked on

2023-12-01 17:03:54 - [TEST_STEP][PASSED] - delay(2): Delayed 2 second(s)

2023-12-01 17:03:56 - [MESSAGE][PASSED] - Delayed 2 second(s)

2023-12-01 17:03:56 - [TEST_STEP][PASSED] - click(findTestObject("Login_OR/Page_Swag Labs/click_button_logout")): Object: 'Object Repository/Login_OR/Page_Swag Labs/click_button_logout' is clicked on

2023-12-01 17:03:57 - [MESSAGE][PASSED] - Object: 'Object Repository/Login_OR/Page_Swag Labs/click_button_logout' is clicked on

2023-12-01 17:03:57 - [TEST_STEP][PASSED] - delay(2): Delayed 2 second(s)

2023-12-01 17:03:59 - [MESSAGE][PASSED] - Delayed 2 second(s)]]></system-out>
         <system-err><![CDATA[]]></system-err>
      </testcase>
      <testcase name="Test Cases/Login/login" time="12.47" classname="Test Cases/Login/login" status="PASSED">
         <system-out><![CDATA[2023-12-01 17:03:59 - [TEST_CASE][PASSED] - Test Cases/Login/login: Test Cases/Login/login

2023-12-01 17:03:59 - [TEST_STEP][PASSED] - openBrowser(""): Browser is opened with url: ''

2023-12-01 17:03:59 - [MESSAGE][WARNING] - A browser is already opened. Closing browser and opening a new one

2023-12-01 17:03:59 - [MESSAGE][INFO] - Starting 'Chrome' driver

2023-12-01 17:03:59 - [MESSAGE][INFO] - Action delay is set to 0 milliseconds

2023-12-01 17:04:00 - [MESSAGE][PASSED] - Browser is opened with url: ''

2023-12-01 17:04:00 - [TEST_STEP][PASSED] - navigateToUrl(Baseurl): Navigate to 'https://www.saucedemo.com/' successfully

2023-12-01 17:04:00 - [MESSAGE][PASSED] - Navigate to 'https://www.saucedemo.com/' successfully

2023-12-01 17:04:00 - [TEST_STEP][PASSED] - setText(findTestObject("Object Repository/Login_OR/Page_Swag Labs/input_username"), Username): Text 'visual_user' is set on object 'Object Repository/Login_OR/Page_Swag Labs/input_username'

2023-12-01 17:04:02 - [MESSAGE][PASSED] - Text 'visual_user' is set on object 'Object Repository/Login_OR/Page_Swag Labs/input_username'

2023-12-01 17:04:02 - [TEST_STEP][PASSED] - setText(findTestObject("Object Repository/Login_OR/Page_Swag Labs/input_password"), Password): Text 'secret_sauce' is set on object 'Object Repository/Login_OR/Page_Swag Labs/input_password'

2023-12-01 17:04:03 - [MESSAGE][PASSED] - Text 'secret_sauce' is set on object 'Object Repository/Login_OR/Page_Swag Labs/input_password'

2023-12-01 17:04:03 - [TEST_STEP][PASSED] - click(findTestObject("Object Repository/Login_OR/Page_Swag Labs/input_login_button")): Object: 'Object Repository/Login_OR/Page_Swag Labs/input_login_button' is clicked on

2023-12-01 17:04:03 - [MESSAGE][PASSED] - Object: 'Object Repository/Login_OR/Page_Swag Labs/input_login_button' is clicked on

2023-12-01 17:04:03 - [TEST_STEP][PASSED] - delay(3): Delayed 3 second(s)

2023-12-01 17:04:06 - [MESSAGE][PASSED] - Delayed 3 second(s)

2023-12-01 17:04:06 - [TEST_STEP][PASSED] - click(findTestObject("Login_OR/Page_Swag Labs/Click_menu_burger")): Object: 'Object Repository/Login_OR/Page_Swag Labs/Click_menu_burger' is clicked on

2023-12-01 17:04:07 - [MESSAGE][PASSED] - Object: 'Object Repository/Login_OR/Page_Swag Labs/Click_menu_burger' is clicked on

2023-12-01 17:04:07 - [TEST_STEP][PASSED] - delay(2): Delayed 2 second(s)

2023-12-01 17:04:09 - [MESSAGE][PASSED] - Delayed 2 second(s)

2023-12-01 17:04:09 - [TEST_STEP][PASSED] - click(findTestObject("Login_OR/Page_Swag Labs/click_button_logout")): Object: 'Object Repository/Login_OR/Page_Swag Labs/click_button_logout' is clicked on

2023-12-01 17:04:09 - [MESSAGE][PASSED] - Object: 'Object Repository/Login_OR/Page_Swag Labs/click_button_logout' is clicked on

2023-12-01 17:04:09 - [TEST_STEP][PASSED] - delay(2): Delayed 2 second(s)

2023-12-01 17:04:11 - [MESSAGE][PASSED] - Delayed 2 second(s)]]></system-out>
         <system-err><![CDATA[]]></system-err>
      </testcase>
      <system-out><![CDATA[2023-12-01 17:03:00 - [TEST_SUITE][PASSED] - login_data: Test Cases/Login/login]]></system-out>
      <system-err><![CDATA[]]></system-err>
   </testsuite>
</testsuites>
