<?xml version="1.0" encoding="UTF-8"?>
<testsuites name="login_data" time="42.181" tests="6" failures="0" errors="0">
   <testsuite name="login_data" tests="6" failures="0" errors="0" time="42.181" skipped="0" timestamp="2023-12-01 16:03:23" hostname="siti - siti-ThinkPad-T440p" id="Test Suites/DataDriven/login_data">
      <properties>
         <property name="deviceName" value=""/>
         <property name="devicePlatform" value=""/>
         <property name="logFolder" value="/home/siti/Exercise Katalon/TDD - Get Data from Files/Reports/20231201_160320/DataDriven/login_data/20231201_160320"/>
         <property name="logFiles" value="/home/siti/Exercise Katalon/TDD - Get Data from Files/Reports/20231201_160320/DataDriven/login_data/20231201_160320/execution0.log"/>
         <property name="attachments" value=""/>
         <property name="hostName" value="siti - siti-ThinkPad-T440p"/>
         <property name="os" value="Linux 64bit"/>
         <property name="katalonVersion" value="8.6.8.208"/>
         <property name="browser" value="Chrome 119.0.0.0"/>
         <property name="hostAddress" value="127.0.1.1"/>
         <property name="sessionId" value="abe093174a1dee73d80c79659294cd2b"/>
         <property name="seleniumVersion" value="3.141.59"/>
         <property name="proxyInformation" value="ProxyInformation { proxyOption=NO_PROXY, proxyServerType=HTTP, username=, password=********, proxyServerAddress=, proxyServerPort=0, executionList=&quot;&quot;, isApplyToDesiredCapabilities=true }"/>
         <property name="platform" value="Linux"/>
      </properties>
      <testcase name="Test Cases/Login/login" time="7.841" classname="Test Cases/Login/login" status="PASSED">
         <system-out><![CDATA[2023-12-01 16:03:24 - [TEST_CASE][PASSED] - Test Cases/Login/login: Test Cases/Login/login

2023-12-01 16:03:24 - [TEST_STEP][PASSED] - openBrowser(""): Browser is opened with url: ''

2023-12-01 16:03:25 - [MESSAGE][INFO] - Starting 'Chrome' driver

2023-12-01 16:03:25 - [MESSAGE][INFO] - Action delay is set to 0 milliseconds

2023-12-01 16:03:27 - [MESSAGE][PASSED] - Browser is opened with url: ''

2023-12-01 16:03:27 - [TEST_STEP][PASSED] - navigateToUrl(Baseurl): Navigate to 'https://www.saucedemo.com/' successfully

2023-12-01 16:03:29 - [MESSAGE][PASSED] - Navigate to 'https://www.saucedemo.com/' successfully

2023-12-01 16:03:29 - [TEST_STEP][PASSED] - setText(findTestObject("Object Repository/Login_OR/Page_Swag Labs/input_username"), Username): Text 'standard_user' is set on object 'Object Repository/Login_OR/Page_Swag Labs/input_username'

2023-12-01 16:03:30 - [MESSAGE][PASSED] - Text 'standard_user' is set on object 'Object Repository/Login_OR/Page_Swag Labs/input_username'

2023-12-01 16:03:30 - [TEST_STEP][PASSED] - setText(findTestObject("Object Repository/Login_OR/Page_Swag Labs/input_password"), Password): Text 'secret_sauce' is set on object 'Object Repository/Login_OR/Page_Swag Labs/input_password'

2023-12-01 16:03:31 - [MESSAGE][PASSED] - Text 'secret_sauce' is set on object 'Object Repository/Login_OR/Page_Swag Labs/input_password'

2023-12-01 16:03:31 - [TEST_STEP][PASSED] - click(findTestObject("Object Repository/Login_OR/Page_Swag Labs/input_login_button")): Object: 'Object Repository/Login_OR/Page_Swag Labs/input_login_button' is clicked on

2023-12-01 16:03:32 - [MESSAGE][PASSED] - Object: 'Object Repository/Login_OR/Page_Swag Labs/input_login_button' is clicked on]]></system-out>
         <system-err><![CDATA[]]></system-err>
      </testcase>
      <testcase name="Test Cases/Login/login" time="5.222" classname="Test Cases/Login/login" status="PASSED">
         <system-out><![CDATA[2023-12-01 16:03:32 - [TEST_CASE][PASSED] - Test Cases/Login/login: Test Cases/Login/login

2023-12-01 16:03:32 - [TEST_STEP][PASSED] - openBrowser(""): Browser is opened with url: ''

2023-12-01 16:03:32 - [MESSAGE][WARNING] - A browser is already opened. Closing browser and opening a new one

2023-12-01 16:03:32 - [MESSAGE][INFO] - Starting 'Chrome' driver

2023-12-01 16:03:32 - [MESSAGE][INFO] - Action delay is set to 0 milliseconds

2023-12-01 16:03:33 - [MESSAGE][PASSED] - Browser is opened with url: ''

2023-12-01 16:03:33 - [TEST_STEP][PASSED] - navigateToUrl(Baseurl): Navigate to 'https://www.saucedemo.com/' successfully

2023-12-01 16:03:34 - [MESSAGE][PASSED] - Navigate to 'https://www.saucedemo.com/' successfully

2023-12-01 16:03:34 - [TEST_STEP][PASSED] - setText(findTestObject("Object Repository/Login_OR/Page_Swag Labs/input_username"), Username): Text 'locked_out_user' is set on object 'Object Repository/Login_OR/Page_Swag Labs/input_username'

2023-12-01 16:03:36 - [MESSAGE][PASSED] - Text 'locked_out_user' is set on object 'Object Repository/Login_OR/Page_Swag Labs/input_username'

2023-12-01 16:03:36 - [TEST_STEP][PASSED] - setText(findTestObject("Object Repository/Login_OR/Page_Swag Labs/input_password"), Password): Text 'secret_sauce' is set on object 'Object Repository/Login_OR/Page_Swag Labs/input_password'

2023-12-01 16:03:37 - [MESSAGE][PASSED] - Text 'secret_sauce' is set on object 'Object Repository/Login_OR/Page_Swag Labs/input_password'

2023-12-01 16:03:37 - [TEST_STEP][PASSED] - click(findTestObject("Object Repository/Login_OR/Page_Swag Labs/input_login_button")): Object: 'Object Repository/Login_OR/Page_Swag Labs/input_login_button' is clicked on

2023-12-01 16:03:37 - [MESSAGE][PASSED] - Object: 'Object Repository/Login_OR/Page_Swag Labs/input_login_button' is clicked on]]></system-out>
         <system-err><![CDATA[]]></system-err>
      </testcase>
      <testcase name="Test Cases/Login/login" time="6.445" classname="Test Cases/Login/login" status="PASSED">
         <system-out><![CDATA[2023-12-01 16:03:37 - [TEST_CASE][PASSED] - Test Cases/Login/login: Test Cases/Login/login

2023-12-01 16:03:37 - [TEST_STEP][PASSED] - openBrowser(""): Browser is opened with url: ''

2023-12-01 16:03:37 - [MESSAGE][WARNING] - A browser is already opened. Closing browser and opening a new one

2023-12-01 16:03:37 - [MESSAGE][INFO] - Starting 'Chrome' driver

2023-12-01 16:03:37 - [MESSAGE][INFO] - Action delay is set to 0 milliseconds

2023-12-01 16:03:38 - [MESSAGE][PASSED] - Browser is opened with url: ''

2023-12-01 16:03:38 - [TEST_STEP][PASSED] - navigateToUrl(Baseurl): Navigate to 'https://www.saucedemo.com/' successfully

2023-12-01 16:03:40 - [MESSAGE][PASSED] - Navigate to 'https://www.saucedemo.com/' successfully

2023-12-01 16:03:40 - [TEST_STEP][PASSED] - setText(findTestObject("Object Repository/Login_OR/Page_Swag Labs/input_username"), Username): Text 'problem_user' is set on object 'Object Repository/Login_OR/Page_Swag Labs/input_username'

2023-12-01 16:03:42 - [MESSAGE][PASSED] - Text 'problem_user' is set on object 'Object Repository/Login_OR/Page_Swag Labs/input_username'

2023-12-01 16:03:42 - [TEST_STEP][PASSED] - setText(findTestObject("Object Repository/Login_OR/Page_Swag Labs/input_password"), Password): Text 'secret_sauce' is set on object 'Object Repository/Login_OR/Page_Swag Labs/input_password'

2023-12-01 16:03:43 - [MESSAGE][PASSED] - Text 'secret_sauce' is set on object 'Object Repository/Login_OR/Page_Swag Labs/input_password'

2023-12-01 16:03:43 - [TEST_STEP][PASSED] - click(findTestObject("Object Repository/Login_OR/Page_Swag Labs/input_login_button")): Object: 'Object Repository/Login_OR/Page_Swag Labs/input_login_button' is clicked on

2023-12-01 16:03:44 - [MESSAGE][PASSED] - Object: 'Object Repository/Login_OR/Page_Swag Labs/input_login_button' is clicked on]]></system-out>
         <system-err><![CDATA[]]></system-err>
      </testcase>
      <testcase name="Test Cases/Login/login" time="11.652" classname="Test Cases/Login/login" status="PASSED">
         <system-out><![CDATA[2023-12-01 16:03:44 - [TEST_CASE][PASSED] - Test Cases/Login/login: Test Cases/Login/login

2023-12-01 16:03:44 - [TEST_STEP][PASSED] - openBrowser(""): Browser is opened with url: ''

2023-12-01 16:03:44 - [MESSAGE][WARNING] - A browser is already opened. Closing browser and opening a new one

2023-12-01 16:03:44 - [MESSAGE][INFO] - Starting 'Chrome' driver

2023-12-01 16:03:44 - [MESSAGE][INFO] - Action delay is set to 0 milliseconds

2023-12-01 16:03:45 - [MESSAGE][PASSED] - Browser is opened with url: ''

2023-12-01 16:03:45 - [TEST_STEP][PASSED] - navigateToUrl(Baseurl): Navigate to 'https://www.saucedemo.com/' successfully

2023-12-01 16:03:47 - [MESSAGE][PASSED] - Navigate to 'https://www.saucedemo.com/' successfully

2023-12-01 16:03:47 - [TEST_STEP][PASSED] - setText(findTestObject("Object Repository/Login_OR/Page_Swag Labs/input_username"), Username): Text 'performance_glitch_user' is set on object 'Object Repository/Login_OR/Page_Swag Labs/input_username'

2023-12-01 16:03:49 - [MESSAGE][PASSED] - Text 'performance_glitch_user' is set on object 'Object Repository/Login_OR/Page_Swag Labs/input_username'

2023-12-01 16:03:49 - [TEST_STEP][PASSED] - setText(findTestObject("Object Repository/Login_OR/Page_Swag Labs/input_password"), Password): Text 'secret_sauce' is set on object 'Object Repository/Login_OR/Page_Swag Labs/input_password'

2023-12-01 16:03:50 - [MESSAGE][PASSED] - Text 'secret_sauce' is set on object 'Object Repository/Login_OR/Page_Swag Labs/input_password'

2023-12-01 16:03:50 - [TEST_STEP][PASSED] - click(findTestObject("Object Repository/Login_OR/Page_Swag Labs/input_login_button")): Object: 'Object Repository/Login_OR/Page_Swag Labs/input_login_button' is clicked on

2023-12-01 16:03:55 - [MESSAGE][PASSED] - Object: 'Object Repository/Login_OR/Page_Swag Labs/input_login_button' is clicked on]]></system-out>
         <system-err><![CDATA[]]></system-err>
      </testcase>
      <testcase name="Test Cases/Login/login" time="5.187" classname="Test Cases/Login/login" status="PASSED">
         <system-out><![CDATA[2023-12-01 16:03:55 - [TEST_CASE][PASSED] - Test Cases/Login/login: Test Cases/Login/login

2023-12-01 16:03:55 - [TEST_STEP][PASSED] - openBrowser(""): Browser is opened with url: ''

2023-12-01 16:03:55 - [MESSAGE][WARNING] - A browser is already opened. Closing browser and opening a new one

2023-12-01 16:03:55 - [MESSAGE][INFO] - Starting 'Chrome' driver

2023-12-01 16:03:55 - [MESSAGE][INFO] - Action delay is set to 0 milliseconds

2023-12-01 16:03:56 - [MESSAGE][PASSED] - Browser is opened with url: ''

2023-12-01 16:03:56 - [TEST_STEP][PASSED] - navigateToUrl(Baseurl): Navigate to 'https://www.saucedemo.com/' successfully

2023-12-01 16:03:58 - [MESSAGE][PASSED] - Navigate to 'https://www.saucedemo.com/' successfully

2023-12-01 16:03:58 - [TEST_STEP][PASSED] - setText(findTestObject("Object Repository/Login_OR/Page_Swag Labs/input_username"), Username): Text 'error_user' is set on object 'Object Repository/Login_OR/Page_Swag Labs/input_username'

2023-12-01 16:03:59 - [MESSAGE][PASSED] - Text 'error_user' is set on object 'Object Repository/Login_OR/Page_Swag Labs/input_username'

2023-12-01 16:03:59 - [TEST_STEP][PASSED] - setText(findTestObject("Object Repository/Login_OR/Page_Swag Labs/input_password"), Password): Text 'secret_sauce' is set on object 'Object Repository/Login_OR/Page_Swag Labs/input_password'

2023-12-01 16:04:00 - [MESSAGE][PASSED] - Text 'secret_sauce' is set on object 'Object Repository/Login_OR/Page_Swag Labs/input_password'

2023-12-01 16:04:00 - [TEST_STEP][PASSED] - click(findTestObject("Object Repository/Login_OR/Page_Swag Labs/input_login_button")): Object: 'Object Repository/Login_OR/Page_Swag Labs/input_login_button' is clicked on

2023-12-01 16:04:00 - [MESSAGE][PASSED] - Object: 'Object Repository/Login_OR/Page_Swag Labs/input_login_button' is clicked on]]></system-out>
         <system-err><![CDATA[]]></system-err>
      </testcase>
      <testcase name="Test Cases/Login/login" time="5.08" classname="Test Cases/Login/login" status="PASSED">
         <system-out><![CDATA[2023-12-01 16:04:01 - [TEST_CASE][PASSED] - Test Cases/Login/login: Test Cases/Login/login

2023-12-01 16:04:01 - [TEST_STEP][PASSED] - openBrowser(""): Browser is opened with url: ''

2023-12-01 16:04:01 - [MESSAGE][WARNING] - A browser is already opened. Closing browser and opening a new one

2023-12-01 16:04:01 - [MESSAGE][INFO] - Starting 'Chrome' driver

2023-12-01 16:04:01 - [MESSAGE][INFO] - Action delay is set to 0 milliseconds

2023-12-01 16:04:02 - [MESSAGE][PASSED] - Browser is opened with url: ''

2023-12-01 16:04:02 - [TEST_STEP][PASSED] - navigateToUrl(Baseurl): Navigate to 'https://www.saucedemo.com/' successfully

2023-12-01 16:04:03 - [MESSAGE][PASSED] - Navigate to 'https://www.saucedemo.com/' successfully

2023-12-01 16:04:03 - [TEST_STEP][PASSED] - setText(findTestObject("Object Repository/Login_OR/Page_Swag Labs/input_username"), Username): Text 'visual_user' is set on object 'Object Repository/Login_OR/Page_Swag Labs/input_username'

2023-12-01 16:04:04 - [MESSAGE][PASSED] - Text 'visual_user' is set on object 'Object Repository/Login_OR/Page_Swag Labs/input_username'

2023-12-01 16:04:04 - [TEST_STEP][PASSED] - setText(findTestObject("Object Repository/Login_OR/Page_Swag Labs/input_password"), Password): Text 'secret_sauce' is set on object 'Object Repository/Login_OR/Page_Swag Labs/input_password'

2023-12-01 16:04:05 - [MESSAGE][PASSED] - Text 'secret_sauce' is set on object 'Object Repository/Login_OR/Page_Swag Labs/input_password'

2023-12-01 16:04:05 - [TEST_STEP][PASSED] - click(findTestObject("Object Repository/Login_OR/Page_Swag Labs/input_login_button")): Object: 'Object Repository/Login_OR/Page_Swag Labs/input_login_button' is clicked on

2023-12-01 16:04:06 - [MESSAGE][PASSED] - Object: 'Object Repository/Login_OR/Page_Swag Labs/input_login_button' is clicked on]]></system-out>
         <system-err><![CDATA[]]></system-err>
      </testcase>
      <system-out><![CDATA[2023-12-01 16:03:23 - [TEST_SUITE][PASSED] - login_data: Test Cases/Login/login]]></system-out>
      <system-err><![CDATA[]]></system-err>
   </testsuite>
</testsuites>
